<?xml version="1.0" encoding="UTF-8"?>
<!-- Generated by org.testng.reporters.JUnitReportReporter -->
<testsuite hostname="DESKTOP-G59H6AO" name="com.simplecaptrescreenshot.Simplecaptrescreenshot" tests="1" failures="0" timestamp="2 Oct 2021 03:48:30 GMT" time="6.975" errors="0">
  <testcase name="screenshot" time="6.975" classname="com.simplecaptrescreenshot.Simplecaptrescreenshot"/>
</testsuite> <!-- com.simplecaptrescreenshot.Simplecaptrescreenshot -->
