<?xml version="1.0" encoding="UTF-8"?>
<!-- Generated by org.testng.reporters.JUnitReportReporter -->
<testsuite hostname="DESKTOP-G59H6AO" name="com.launchbrowser.Lauchbrowser" tests="1" failures="0" timestamp="11 Oct 2021 11:31:09 GMT" time="6.817" errors="0">
  <testcase name="launch" time="6.817" classname="com.launchbrowser.Lauchbrowser"/>
</testsuite> <!-- com.launchbrowser.Lauchbrowser -->
