<?xml version="1.0" encoding="UTF-8"?>
<!-- Generated by org.testng.reporters.JUnitReportReporter -->
<testsuite hostname="DESKTOP-G59H6AO" name="com.priorityattribute.Priorityattribute" tests="4" failures="0" timestamp="7 Oct 2021 06:20:23 GMT" time="13.232" errors="0">
  <testcase name="verifytitle" time="0.008" classname="com.priorityattribute.Priorityattribute"/>
  <testcase name="close" time="4.153" classname="com.priorityattribute.Priorityattribute"/>
  <testcase name="verifyurl" time="0.009" classname="com.priorityattribute.Priorityattribute"/>
  <testcase name="launchbrowser" time="9.062" classname="com.priorityattribute.Priorityattribute"/>
</testsuite> <!-- com.priorityattribute.Priorityattribute -->
