<?xml version="1.0" encoding="UTF-8"?>
<!-- Generated by org.testng.reporters.JUnitReportReporter -->
<testsuite hostname="DESKTOP-G59H6AO" name="com.beforeandafterclass.Beforeandafterclass" tests="2" failures="0" timestamp="8 Oct 2021 10:15:37 GMT" time="2.025" errors="0">
  <testcase name="verifytitle" time="2.017" classname="com.beforeandafterclass.Beforeandafterclass"/>
  <testcase name="verifyurl" time="0.008" classname="com.beforeandafterclass.Beforeandafterclass"/>
</testsuite> <!-- com.beforeandafterclass.Beforeandafterclass -->
