<?xml version="1.0" encoding="UTF-8"?>
<!-- Generated by org.testng.reporters.JUnitReportReporter -->
<testsuite hostname="DESKTOP-G59H6AO" name="com.parallexecution.Addcart" tests="2" failures="0" timestamp="9 Oct 2021 09:40:07 GMT" time="0.000" errors="0">
  <testcase name="addupdate" time="0.000" classname="com.parallexecution.Addcart"/>
  <testcase name="additem" time="0.000" classname="com.parallexecution.Addcart"/>
</testsuite> <!-- com.parallexecution.Addcart -->
