<?xml version="1.0" encoding="UTF-8"?>
<!-- Generated by org.testng.reporters.JUnitReportReporter -->
<testsuite hostname="DESKTOP-G59H6AO" name="com.parallelexecution.Deletecart" tests="2" failures="0" timestamp="9 Oct 2021 09:54:02 GMT" time="0.000" errors="0">
  <testcase name="update" time="0.000" classname="com.parallelexecution.Deletecart"/>
  <testcase name="delete" time="0.000" classname="com.parallelexecution.Deletecart"/>
</testsuite> <!-- com.parallelexecution.Deletecart -->
