<?xml version="1.0" encoding="UTF-8"?>
<!-- Generated by org.testng.reporters.JUnitReportReporter -->
<testsuite hostname="DESKTOP-G59H6AO" name="uscreenshot.Uscreenshot" tests="1" failures="0" timestamp="2 Oct 2021 08:56:27 GMT" time="17.690" errors="0">
  <testcase name="takescreenshot" time="17.690" classname="uscreenshot.Uscreenshot"/>
</testsuite> <!-- uscreenshot.Uscreenshot -->
