<?xml version="1.0" encoding="UTF-8"?>
<!-- Generated by org.testng.reporters.JUnitReportReporter -->
<testsuite hostname="DESKTOP-G59H6AO" name="com.parallelmethods.Class2" tests="6" failures="0" timestamp="10 Oct 2021 03:41:27 GMT" time="0.016" errors="0">
  <testcase name="testcase8" time="0.000" classname="com.parallelmethods.Class2"/>
  <testcase name="testcase12" time="0.000" classname="com.parallelmethods.Class2"/>
  <testcase name="testcase10" time="0.016" classname="com.parallelmethods.Class2"/>
  <testcase name="testcase9" time="0.000" classname="com.parallelmethods.Class2"/>
  <testcase name="testcase7" time="0.000" classname="com.parallelmethods.Class2"/>
  <testcase name="testcase11" time="0.000" classname="com.parallelmethods.Class2"/>
</testsuite> <!-- com.parallelmethods.Class2 -->
