<?xml version="1.0" encoding="UTF-8"?>
<!-- Generated by org.testng.reporters.JUnitReportReporter -->
<testsuite hostname="DESKTOP-G59H6AO" name="com.samplexml.Deletecart" tests="2" failures="0" timestamp="10 Oct 2021 08:38:15 GMT" time="0.001" errors="0">
  <testcase name="delete" time="0.001" classname="com.samplexml.Deletecart"/>
  <testcase name="update" time="0.000" classname="com.samplexml.Deletecart"/>
</testsuite> <!-- com.samplexml.Deletecart -->
