<?xml version="1.0" encoding="UTF-8"?>
<!-- Generated by org.testng.reporters.JUnitReportReporter -->
<testsuite hostname="DESKTOP-G59H6AO" name="com.samplexml.Addcart" tests="4" failures="0" timestamp="10 Oct 2021 08:38:15 GMT" time="0.004" errors="0">
  <testcase name="purches" time="0.000" classname="com.samplexml.Addcart"/>
  <testcase name="additem" time="0.001" classname="com.samplexml.Addcart"/>
  <testcase name="newitemdisplay" time="0.003" classname="com.samplexml.Addcart"/>
  <testcase name="updatenew" time="0.000" classname="com.samplexml.Addcart"/>
</testsuite> <!-- com.samplexml.Addcart -->
