<?xml version="1.0" encoding="UTF-8"?>
<!-- Generated by org.testng.reporters.JUnitReportReporter -->
<testsuite skipped="0" hostname="DESKTOP-G59H6AO" name="com.parallelclasses.Class2" tests="6" failures="0" timestamp="10 Dec 2021 16:57:03 GMT" time="0.000" errors="0">
  <testcase name="testcase11" time="0.000" classname="com.parallelclasses.Class2"/>
  <testcase name="testcase10" time="0.000" classname="com.parallelclasses.Class2"/>
  <testcase name="testcase9" time="0.000" classname="com.parallelclasses.Class2"/>
  <testcase name="testcase7" time="0.000" classname="com.parallelclasses.Class2"/>
  <testcase name="testcase12" time="0.000" classname="com.parallelclasses.Class2"/>
  <testcase name="testcase8" time="0.000" classname="com.parallelclasses.Class2"/>
</testsuite> <!-- com.parallelclasses.Class2 -->
