<?xml version="1.0" encoding="UTF-8"?>
<!-- Generated by org.testng.reporters.JUnitReportReporter -->
<testsuite skipped="0" hostname="DESKTOP-G59H6AO" name="com.parallelclasses.Class1" tests="6" failures="0" timestamp="10 Dec 2021 16:57:03 GMT" time="0.000" errors="0">
  <testcase name="testcase1" time="0.000" classname="com.parallelclasses.Class1"/>
  <testcase name="testcase5" time="0.000" classname="com.parallelclasses.Class1"/>
  <testcase name="testcase6" time="0.000" classname="com.parallelclasses.Class1"/>
  <testcase name="testcase3" time="0.000" classname="com.parallelclasses.Class1"/>
  <testcase name="testcase2" time="0.000" classname="com.parallelclasses.Class1"/>
  <testcase name="testcase4" time="0.000" classname="com.parallelclasses.Class1"/>
</testsuite> <!-- com.parallelclasses.Class1 -->
