<?xml version="1.0" encoding="UTF-8"?>
<!-- Generated by org.testng.reporters.JUnitReportReporter -->
<testsuite hostname="DESKTOP-G59H6AO" name="com.orangehrm.Orangehrm" tests="4" failures="0" timestamp="11 Oct 2021 07:25:49 GMT" time="28.421" errors="0">
  <testcase name="getorangehrmdata" time="6.492" classname="com.orangehrm.Orangehrm"/>
  <testcase name="getorangehrmdata" time="6.153" classname="com.orangehrm.Orangehrm"/>
  <testcase name="getorangehrmdata" time="7.933" classname="com.orangehrm.Orangehrm"/>
  <testcase name="getorangehrmdata" time="7.843" classname="com.orangehrm.Orangehrm"/>
</testsuite> <!-- com.orangehrm.Orangehrm -->
