<?xml version="1.0" encoding="UTF-8"?>
<!-- Generated by org.testng.reporters.JUnitReportReporter -->
<testsuite hostname="DESKTOP-G59H6AO" name="com.beforandaftermethod.BeforeandAfter" tests="2" failures="0" timestamp="8 Oct 2021 09:28:38 GMT" time="25.133" errors="0">
  <testcase name="verifytitle" time="13.393" classname="com.beforandaftermethod.BeforeandAfter"/>
  <testcase name="verifyurl" time="11.740" classname="com.beforandaftermethod.BeforeandAfter"/>
</testsuite> <!-- com.beforandaftermethod.BeforeandAfter -->
