<?xml version="1.0" encoding="UTF-8"?>
<!-- Generated by org.testng.reporters.JUnitReportReporter -->
<testsuite hostname="DESKTOP-G59H6AO" name="com.hrm.hrm" tests="1" failures="0" timestamp="11 Oct 2021 05:44:50 GMT" time="10.057" errors="0">
  <testcase name="login" time="10.057" classname="com.hrm.hrm"/>
</testsuite> <!-- com.hrm.hrm -->
