<?xml version="1.0" encoding="UTF-8"?>
<!-- Generated by org.testng.reporters.JUnitReportReporter -->
<testsuite skipped="0" hostname="DESKTOP-G59H6AO" name="com.parallelclasses.Class3" tests="6" failures="0" timestamp="10 Dec 2021 16:57:03 GMT" time="0.016" errors="0">
  <testcase name="testcase13" time="0.000" classname="com.parallelclasses.Class3"/>
  <testcase name="testcase18" time="0.016" classname="com.parallelclasses.Class3"/>
  <testcase name="testcase15" time="0.000" classname="com.parallelclasses.Class3"/>
  <testcase name="testcase16" time="0.000" classname="com.parallelclasses.Class3"/>
  <testcase name="testcase17" time="0.000" classname="com.parallelclasses.Class3"/>
  <testcase name="testcase14" time="0.000" classname="com.parallelclasses.Class3"/>
</testsuite> <!-- com.parallelclasses.Class3 -->
