<?xml version="1.0" encoding="UTF-8"?>
<!-- Generated by org.testng.reporters.JUnitReportReporter -->
<testsuite skipped="0" hostname="DESKTOP-G59H6AO" name="com.readexcel.Readexcel" tests="2" failures="0" timestamp="16 Oct 2021 10:56:47 GMT" time="0.426" errors="0">
  <testcase name="readexcel" time="0.422" classname="com.readexcel.Readexcel"/>
  <testcase name="readalldata" time="0.004" classname="com.readexcel.Readexcel"/>
</testsuite> <!-- com.readexcel.Readexcel -->
