<?xml version="1.0" encoding="UTF-8"?>
<!-- Generated by org.testng.reporters.JUnitReportReporter -->
<testsuite skipped="0" hostname="DESKTOP-G59H6AO" name="com.paramerter.paramerter" tests="1" failures="0" timestamp="27 Nov 2021 17:01:03 GMT" time="0.008" errors="0">
  <testcase name="launch" time="0.008" classname="com.paramerter.paramerter"/>
</testsuite> <!-- com.paramerter.paramerter -->
