<?xml version="1.0" encoding="UTF-8"?>
<!-- Generated by org.testng.reporters.JUnitReportReporter -->
<testsuite skipped="0" hostname="DESKTOP-G59H6AO" name="com.parallelmethods.Addcart" tests="6" failures="0" timestamp="10 Dec 2021 16:55:39 GMT" time="0.038" errors="0">
  <testcase name="testcase2" time="0.009" classname="com.parallelmethods.Addcart"/>
  <testcase name="testcase4" time="0.003" classname="com.parallelmethods.Addcart"/>
  <testcase name="testcase5" time="0.007" classname="com.parallelmethods.Addcart"/>
  <testcase name="testcase1" time="0.009" classname="com.parallelmethods.Addcart"/>
  <testcase name="testcase6" time="0.001" classname="com.parallelmethods.Addcart"/>
  <testcase name="testcase3" time="0.009" classname="com.parallelmethods.Addcart"/>
</testsuite> <!-- com.parallelmethods.Addcart -->
